The following modules were not unloaded:
  (Use "module --force purge" to unload all):

  1) ModuleLabel/label   2) lumi-tools/26.05   3) init-lumi/0.2

The following sticky modules could not be reloaded:

  1) lumi-tools
srun singularity run $CONTAINER \
    python -m src.training --dataset mnist --epochs 100 --batch-size 32 --device cuda
+ srun singularity run /appl/local/laifs/containers/lumi-multitorch-u24r70f21m50t210-20260513_121430/lumi-multitorch-full-u24r70f21m50t210-20260513_121430.sif python -m src.training --dataset mnist --epochs 100 --batch-size 32 --device cuda
2026-06-11 18:14:55 | INFO    | training   | Start:  dataset=mnist epochs=100 batch_size=32 lr=0.001 device=cuda
2026-06-11 18:14:56 | INFO    | training   | Training on cuda for 100 epoch(s)
2026-06-11 18:15:16 | INFO    | training   | Epoch 1/100  loss=0.1117  acc=0.9654
2026-06-11 18:15:22 | INFO    | training   | Epoch 2/100  loss=0.0394  acc=0.9875
2026-06-11 18:15:28 | INFO    | training   | Epoch 3/100  loss=0.0260  acc=0.9919
2026-06-11 18:15:33 | INFO    | training   | Epoch 4/100  loss=0.0196  acc=0.9937
2026-06-11 18:15:39 | INFO    | training   | Epoch 5/100  loss=0.0150  acc=0.9953
2026-06-11 18:15:44 | INFO    | training   | Epoch 6/100  loss=0.0107  acc=0.9964
2026-06-11 18:15:50 | INFO    | training   | Epoch 7/100  loss=0.0096  acc=0.9966
2026-06-11 18:15:56 | INFO    | training   | Epoch 8/100  loss=0.0086  acc=0.9971
2026-06-11 18:16:02 | INFO    | training   | Epoch 9/100  loss=0.0074  acc=0.9975
2026-06-11 18:16:07 | INFO    | training   | Epoch 10/100  loss=0.0082  acc=0.9972
2026-06-11 18:16:13 | INFO    | training   | Epoch 11/100  loss=0.0057  acc=0.9980
2026-06-11 18:16:19 | INFO    | training   | Epoch 12/100  loss=0.0055  acc=0.9981
2026-06-11 18:16:24 | INFO    | training   | Epoch 13/100  loss=0.0049  acc=0.9985
2026-06-11 18:16:30 | INFO    | training   | Epoch 14/100  loss=0.0055  acc=0.9983
2026-06-11 18:16:36 | INFO    | training   | Epoch 15/100  loss=0.0030  acc=0.9991
2026-06-11 18:16:41 | INFO    | training   | Epoch 16/100  loss=0.0049  acc=0.9986
2026-06-11 18:16:47 | INFO    | training   | Epoch 17/100  loss=0.0052  acc=0.9986
2026-06-11 18:16:53 | INFO    | training   | Epoch 18/100  loss=0.0032  acc=0.9990
2026-06-11 18:16:58 | INFO    | training   | Epoch 19/100  loss=0.0037  acc=0.9989
2026-06-11 18:17:04 | INFO    | training   | Epoch 20/100  loss=0.0044  acc=0.9989
2026-06-11 18:17:10 | INFO    | training   | Epoch 21/100  loss=0.0039  acc=0.9990
2026-06-11 18:17:16 | INFO    | training   | Epoch 22/100  loss=0.0045  acc=0.9987
2026-06-11 18:17:21 | INFO    | training   | Epoch 23/100  loss=0.0031  acc=0.9992
2026-06-11 18:17:27 | INFO    | training   | Epoch 24/100  loss=0.0035  acc=0.9990
2026-06-11 18:17:33 | INFO    | training   | Epoch 25/100  loss=0.0044  acc=0.9988
2026-06-11 18:17:39 | INFO    | training   | Epoch 26/100  loss=0.0014  acc=0.9996
2026-06-11 18:17:44 | INFO    | training   | Epoch 27/100  loss=0.0044  acc=0.9988
2026-06-11 18:17:50 | INFO    | training   | Epoch 28/100  loss=0.0029  acc=0.9992
2026-06-11 18:17:56 | INFO    | training   | Epoch 29/100  loss=0.0024  acc=0.9994
2026-06-11 18:18:01 | INFO    | training   | Epoch 30/100  loss=0.0040  acc=0.9992
2026-06-11 18:18:07 | INFO    | training   | Epoch 31/100  loss=0.0036  acc=0.9991
2026-06-11 18:18:13 | INFO    | training   | Epoch 32/100  loss=0.0035  acc=0.9991
2026-06-11 18:18:19 | INFO    | training   | Epoch 33/100  loss=0.0040  acc=0.9990
2026-06-11 18:18:24 | INFO    | training   | Epoch 34/100  loss=0.0025  acc=0.9994
2026-06-11 18:18:30 | INFO    | training   | Epoch 35/100  loss=0.0030  acc=0.9992
2026-06-11 18:18:36 | INFO    | training   | Epoch 36/100  loss=0.0038  acc=0.9992
2026-06-11 18:18:41 | INFO    | training   | Epoch 37/100  loss=0.0024  acc=0.9993
2026-06-11 18:18:47 | INFO    | training   | Epoch 38/100  loss=0.0025  acc=0.9993
2026-06-11 18:18:53 | INFO    | training   | Epoch 39/100  loss=0.0034  acc=0.9992
2026-06-11 18:18:59 | INFO    | training   | Epoch 40/100  loss=0.0024  acc=0.9994
2026-06-11 18:19:05 | INFO    | training   | Epoch 41/100  loss=0.0032  acc=0.9993
2026-06-11 18:19:10 | INFO    | training   | Epoch 42/100  loss=0.0028  acc=0.9994
2026-06-11 18:19:16 | INFO    | training   | Epoch 43/100  loss=0.0036  acc=0.9991
2026-06-11 18:19:22 | INFO    | training   | Epoch 44/100  loss=0.0022  acc=0.9994
2026-06-11 18:19:28 | INFO    | training   | Epoch 45/100  loss=0.0025  acc=0.9994
2026-06-11 18:19:33 | INFO    | training   | Epoch 46/100  loss=0.0034  acc=0.9994
2026-06-11 18:19:39 | INFO    | training   | Epoch 47/100  loss=0.0017  acc=0.9996
2026-06-11 18:19:45 | INFO    | training   | Epoch 48/100  loss=0.0023  acc=0.9995
2026-06-11 18:19:50 | INFO    | training   | Epoch 49/100  loss=0.0022  acc=0.9995
2026-06-11 18:19:56 | INFO    | training   | Epoch 50/100  loss=0.0039  acc=0.9993
2026-06-11 18:20:02 | INFO    | training   | Epoch 51/100  loss=0.0019  acc=0.9996
2026-06-11 18:20:08 | INFO    | training   | Epoch 52/100  loss=0.0020  acc=0.9996
2026-06-11 18:20:14 | INFO    | training   | Epoch 53/100  loss=0.0019  acc=0.9997
2026-06-11 18:20:19 | INFO    | training   | Epoch 54/100  loss=0.0044  acc=0.9991
2026-06-11 18:20:25 | INFO    | training   | Epoch 55/100  loss=0.0036  acc=0.9994
2026-06-11 18:20:31 | INFO    | training   | Epoch 56/100  loss=0.0019  acc=0.9997
2026-06-11 18:20:36 | INFO    | training   | Epoch 57/100  loss=0.0044  acc=0.9992
2026-06-11 18:20:42 | INFO    | training   | Epoch 58/100  loss=0.0016  acc=0.9996
2026-06-11 18:20:48 | INFO    | training   | Epoch 59/100  loss=0.0022  acc=0.9995
2026-06-11 18:20:53 | INFO    | training   | Epoch 60/100  loss=0.0029  acc=0.9996
2026-06-11 18:20:59 | INFO    | training   | Epoch 61/100  loss=0.0028  acc=0.9996
2026-06-11 18:21:05 | INFO    | training   | Epoch 62/100  loss=0.0010  acc=0.9998
2026-06-11 18:21:10 | INFO    | training   | Epoch 63/100  loss=0.0043  acc=0.9992
2026-06-11 18:21:16 | INFO    | training   | Epoch 64/100  loss=0.0031  acc=0.9995
2026-06-11 18:21:22 | INFO    | training   | Epoch 65/100  loss=0.0020  acc=0.9996
2026-06-11 18:21:28 | INFO    | training   | Epoch 66/100  loss=0.0036  acc=0.9993
2026-06-11 18:21:33 | INFO    | training   | Epoch 67/100  loss=0.0019  acc=0.9997
2026-06-11 18:21:39 | INFO    | training   | Epoch 68/100  loss=0.0015  acc=0.9997
2026-06-11 18:21:45 | INFO    | training   | Epoch 69/100  loss=0.0050  acc=0.9992
2026-06-11 18:21:51 | INFO    | training   | Epoch 70/100  loss=0.0022  acc=0.9997
2026-06-11 18:21:56 | INFO    | training   | Epoch 71/100  loss=0.0015  acc=0.9996
2026-06-11 18:22:02 | INFO    | training   | Epoch 72/100  loss=0.0057  acc=0.9993
2026-06-11 18:22:08 | INFO    | training   | Epoch 73/100  loss=0.0027  acc=0.9996
2026-06-11 18:22:14 | INFO    | training   | Epoch 74/100  loss=0.0035  acc=0.9995
2026-06-11 18:22:19 | INFO    | training   | Epoch 75/100  loss=0.0038  acc=0.9996
2026-06-11 18:22:25 | INFO    | training   | Epoch 76/100  loss=0.0012  acc=0.9998
2026-06-11 18:22:31 | INFO    | training   | Epoch 77/100  loss=0.0050  acc=0.9994
2026-06-11 18:22:36 | INFO    | training   | Epoch 78/100  loss=0.0030  acc=0.9996
2026-06-11 18:22:42 | INFO    | training   | Epoch 79/100  loss=0.0047  acc=0.9996
2026-06-11 18:22:48 | INFO    | training   | Epoch 80/100  loss=0.0046  acc=0.9993
2026-06-11 18:22:54 | INFO    | training   | Epoch 81/100  loss=0.0039  acc=0.9996
2026-06-11 18:22:59 | INFO    | training   | Epoch 82/100  loss=0.0016  acc=0.9998
2026-06-11 18:23:05 | INFO    | training   | Epoch 83/100  loss=0.0014  acc=0.9997
2026-06-11 18:23:11 | INFO    | training   | Epoch 84/100  loss=0.0051  acc=0.9994
2026-06-11 18:23:16 | INFO    | training   | Epoch 85/100  loss=0.0015  acc=0.9998
2026-06-11 18:23:22 | INFO    | training   | Epoch 86/100  loss=0.0045  acc=0.9995
2026-06-11 18:23:28 | INFO    | training   | Epoch 87/100  loss=0.0042  acc=0.9995
2026-06-11 18:23:34 | INFO    | training   | Epoch 88/100  loss=0.0018  acc=0.9997
2026-06-11 18:23:39 | INFO    | training   | Epoch 89/100  loss=0.0045  acc=0.9995
2026-06-11 18:23:45 | INFO    | training   | Epoch 90/100  loss=0.0036  acc=0.9997
2026-06-11 18:23:51 | INFO    | training   | Epoch 91/100  loss=0.0037  acc=0.9996
2026-06-11 18:23:57 | INFO    | training   | Epoch 92/100  loss=0.0032  acc=0.9996
2026-06-11 18:24:02 | INFO    | training   | Epoch 93/100  loss=0.0024  acc=0.9997
2026-06-11 18:24:08 | INFO    | training   | Epoch 94/100  loss=0.0039  acc=0.9995
2026-06-11 18:24:14 | INFO    | training   | Epoch 95/100  loss=0.0028  acc=0.9996
2026-06-11 18:24:20 | INFO    | training   | Epoch 96/100  loss=0.0035  acc=0.9997
2026-06-11 18:24:26 | INFO    | training   | Epoch 97/100  loss=0.0027  acc=0.9996
2026-06-11 18:24:31 | INFO    | training   | Epoch 98/100  loss=0.0036  acc=0.9996
2026-06-11 18:24:37 | INFO    | training   | Epoch 99/100  loss=0.0036  acc=0.9997
2026-06-11 18:24:43 | INFO    | training   | Epoch 100/100  loss=0.0034  acc=0.9997
2026-06-11 18:24:43 | INFO    | training   | Done!  final_loss=0.0034  final_acc=0.9997  saved=/pfs/lustrep2/scratch/project_465002757/baburaja/Collaborative-Coding-Exam/weights/mnist.pth
